time="2022-04-29T13:04:18+07:00" level=info msg="Hello Logging"
time="2022-04-29T13:04:18+07:00" level=warning msg="Hello Logging"
time="2022-04-29T13:04:18+07:00" level=error msg="Hello Logging"
time="2022-04-29T13:04:28+07:00" level=info msg="Hello Logging"
time="2022-04-29T13:04:28+07:00" level=warning msg="Hello Logging"
time="2022-04-29T13:04:28+07:00" level=error msg="Hello Logging"
time="2022-04-29T13:04:30+07:00" level=info msg="Hello Logging"
time="2022-04-29T13:04:30+07:00" level=warning msg="Hello Logging"
time="2022-04-29T13:04:30+07:00" level=error msg="Hello Logging"
time="2022-04-29T13:04:31+07:00" level=info msg="Hello Logging"
time="2022-04-29T13:04:31+07:00" level=warning msg="Hello Logging"
time="2022-04-29T13:04:31+07:00" level=error msg="Hello Logging"
time="2022-04-29T13:04:31+07:00" level=info msg="Hello Logging"
time="2022-04-29T13:04:31+07:00" level=warning msg="Hello Logging"
time="2022-04-29T13:04:31+07:00" level=error msg="Hello Logging"
time="2022-04-29T13:04:32+07:00" level=info msg="Hello Logging"
time="2022-04-29T13:04:32+07:00" level=warning msg="Hello Logging"
time="2022-04-29T13:04:32+07:00" level=error msg="Hello Logging"
time="2022-04-29T13:04:32+07:00" level=info msg="Hello Logging"
time="2022-04-29T13:04:32+07:00" level=warning msg="Hello Logging"
time="2022-04-29T13:04:32+07:00" level=error msg="Hello Logging"
time="2022-04-29T13:04:32+07:00" level=info msg="Hello Logging"
time="2022-04-29T13:04:32+07:00" level=warning msg="Hello Logging"
time="2022-04-29T13:04:32+07:00" level=error msg="Hello Logging"
time="2022-04-29T13:04:33+07:00" level=info msg="Hello Logging"
time="2022-04-29T13:04:33+07:00" level=warning msg="Hello Logging"
time="2022-04-29T13:04:33+07:00" level=error msg="Hello Logging"
time="2022-04-29T13:04:33+07:00" level=info msg="Hello Logging"
time="2022-04-29T13:04:33+07:00" level=warning msg="Hello Logging"
time="2022-04-29T13:04:33+07:00" level=error msg="Hello Logging"
time="2022-04-29T13:04:34+07:00" level=info msg="Hello Logging"
time="2022-04-29T13:04:34+07:00" level=warning msg="Hello Logging"
time="2022-04-29T13:04:34+07:00" level=error msg="Hello Logging"
time="2022-04-29T13:04:34+07:00" level=info msg="Hello Logging"
time="2022-04-29T13:04:34+07:00" level=warning msg="Hello Logging"
time="2022-04-29T13:04:34+07:00" level=error msg="Hello Logging"
{"level":"info","msg":"Hello Logging","time":"2022-04-29T13:08:57+07:00"}
{"level":"warning","msg":"Hello Logging","time":"2022-04-29T13:08:57+07:00"}
{"level":"error","msg":"Hello Logging","time":"2022-04-29T13:08:57+07:00"}
